This is XeTeX, Version 3.1415926-2.3-0.9997.5 (MiKTeX 2.9) (preloaded format=xelatex 2015.9.29)  23 APR 2016 00:37
entering extended mode
**main.tex
(E:\MGA\Documents\main.tex
LaTeX2e <2011/06/27>
Babel <v3.8m> and hyphenation patterns for loaded.
(E:\CTEX\MiKTeX\tex\latex\base\book.cls
Document Class: book 2007/10/19 v1.4h Standard LaTeX document class
(E:\CTEX\MiKTeX\tex\latex\base\bk12.clo
File: bk12.clo 2007/10/19 v1.4h Standard LaTeX file (size option)
Requested font "cmr12" at 12.0pt
 -> cmr12
)
\c@part=\count80
\c@chapter=\count81
\c@section=\count82
\c@subsection=\count83
\c@subsubsection=\count84
\c@paragraph=\count85
\c@subparagraph=\count86
\c@figure=\count87
\c@table=\count88
\abovecaptionskip=\skip41
\belowcaptionskip=\skip42
\bibindent=\dimen102
)
(E:\CTEX\MiKTeX\tex\latex\amsfonts\amssymb.sty
Package: amssymb 2009/06/22 v3.00

(E:\CTEX\MiKTeX\tex\latex\amsfonts\amsfonts.sty
Package: amsfonts 2009/06/22 v3.00 Basic AMSFonts support
\@emptytoks=\toks14
\symAMSa=\mathgroup4
\symAMSb=\mathgroup5
LaTeX Font Info:    Overwriting math alphabet `\mathfrak' in version `bold'
(Font)                  U/euf/m/n --> U/euf/b/n on input line 96.
))
(E:\CTEX\MiKTeX\tex\latex\ams\math\amsmath.sty
Package: amsmath 2000/07/18 v2.13 AMS math features
\@mathmargin=\skip43

For additional information on amsmath, use the `?' option.
(E:\CTEX\MiKTeX\tex\latex\ams\math\amstext.sty
Package: amstext 2000/06/29 v2.01

(E:\CTEX\MiKTeX\tex\latex\ams\math\amsgen.sty
File: amsgen.sty 1999/11/30 v2.0
\@emptytoks=\toks15
\ex@=\dimen103
))
(E:\CTEX\MiKTeX\tex\latex\ams\math\amsbsy.sty
Package: amsbsy 1999/11/29 v1.2d
\pmbraise@=\dimen104
)
(E:\CTEX\MiKTeX\tex\latex\ams\math\amsopn.sty
Package: amsopn 1999/12/14 v2.01 operator names
)
\inf@bad=\count89
LaTeX Info: Redefining \frac on input line 211.
\uproot@=\count90
\leftroot@=\count91
LaTeX Info: Redefining \overline on input line 307.
\classnum@=\count92
\DOTSCASE@=\count93
LaTeX Info: Redefining \ldots on input line 379.
LaTeX Info: Redefining \dots on input line 382.
LaTeX Info: Redefining \cdots on input line 467.
\Mathstrutbox@=\box26
\strutbox@=\box27
\big@size=\dimen105
LaTeX Font Info:    Redeclaring font encoding OML on input line 567.
LaTeX Font Info:    Redeclaring font encoding OMS on input line 568.
\macc@depth=\count94
\c@MaxMatrixCols=\count95
\dotsspace@=\muskip10
\c@parentequation=\count96
\dspbrk@lvl=\count97
\tag@help=\toks16
\row@=\count98
\column@=\count99
\maxfields@=\count100
\andhelp@=\toks17
\eqnshift@=\dimen106
\alignsep@=\dimen107
\tagshift@=\dimen108
\tagwidth@=\dimen109
\totwidth@=\dimen110
\lineht@=\dimen111
\@envbody=\toks18
\multlinegap=\skip44
\multlinetaggap=\skip45
\mathdisplay@stack=\toks19
LaTeX Info: Redefining \[ on input line 2666.
LaTeX Info: Redefining \] on input line 2667.
)
(E:\CTEX\MiKTeX\tex\latex\graphics\graphicx.sty
Package: graphicx 1999/02/16 v1.0f Enhanced LaTeX Graphics (DPC,SPQR)

(E:\CTEX\MiKTeX\tex\latex\graphics\keyval.sty
Package: keyval 1999/03/16 v1.13 key=value parser (DPC)
\KV@toks@=\toks20
)
(E:\CTEX\MiKTeX\tex\latex\graphics\graphics.sty
Package: graphics 2009/02/05 v1.0o Standard LaTeX Graphics (DPC,SPQR)

(E:\CTEX\MiKTeX\tex\latex\graphics\trig.sty
Package: trig 1999/03/16 v1.09 sin cos tan (DPC)
)
(E:\CTEX\MiKTeX\tex\latex\00miktex\graphics.cfg
File: graphics.cfg 2007/01/18 v1.5 graphics configuration of teTeX/TeXLive
)
Package graphics Info: Driver file: xetex.def on input line 91.

(E:\CTEX\MiKTeX\tex\xelatex\xetex-def\xetex.def
File: xetex.def 2009/11/22 v0.94 LaTeX color/graphics driver for XeTeX (RRM/JK)

))
\Gin@req@height=\dimen112
\Gin@req@width=\dimen113
)
(E:\CTEX\MiKTeX\tex\latex\tools\bm.sty
Package: bm 2004/02/26 v1.1c Bold Symbol Support (DPC/FMi)
\symboldoperators=\mathgroup6
\symboldletters=\mathgroup7
\symboldsymbols=\mathgroup8
LaTeX Font Info:    Redeclaring math alphabet \mathbf on input line 138.
LaTeX Info: Redefining \bm on input line 204.
) (E:\CTEX\MiKTeX\tex\latex\epsf\epsf.sty
This is `epsf.tex' v2.7.4 <14 February 2011>
\epsffilein=\read1
\epsfframemargin=\dimen114
\epsfframethickness=\dimen115
\epsfrsize=\dimen116
\epsftmp=\dimen117
\epsftsize=\dimen118
\epsfxsize=\dimen119
\epsfysize=\dimen120
\pspoints=\dimen121
) (E:\CTEX\MiKTeX\tex\generic\ifxetex\ifxetex.sty
Package: ifxetex 2010/09/12 v0.6 Provides ifxetex conditional
)
(E:\CTEX\MiKTeX\tex\latex\natbib\natbib.sty
Package: natbib 2010/09/13 8.31b (PWD, AO)
\bibhang=\skip46
\bibsep=\skip47
LaTeX Info: Redefining \cite on input line 694.
\c@NAT@ctr=\count101
)
(E:\CTEX\MiKTeX\tex\latex\float\float.sty
Package: float 2001/11/08 v1.3d Float enhancements (AL)
\c@float@type=\count102
\float@exts=\toks21
\float@box=\box28
\@float@everytoks=\toks22
\@floatcapt=\box29
)
(E:\CTEX\MiKTeX\tex\latex\tools\dcolumn.sty
Package: dcolumn 2001/05/28 v1.06 decimal alignment package (DPC)

(E:\CTEX\MiKTeX\tex\latex\tools\array.sty
Package: array 2008/09/09 v2.4c Tabular extension package (FMi)
\col@sep=\dimen122
\extrarowheight=\dimen123
\NC@list=\toks23
\extratabsurround=\skip48
\backup@length=\skip49
))
(E:\CTEX\MiKTeX\tex\latex\carlisle\slashed.sty
Package: slashed 1997/01/16 v0.01 Feynman Slashed Character Notation (DPC)
)
(E:\CTEX\MiKTeX\tex\latex\simplewick\simplewick.sty
Package: simplewick 2007/11/23 v1.2a

Package: simplewick v1.2a (2007/11/23)
\swb@xone=\box30
\swb@xtwo=\box31
\swb@xthree=\box32
\swb@xfour=\box33
\swdimen@ne=\dimen124
\swdimentw@=\dimen125
) (E:\CTEX\MiKTeX\tex\latex\tools\verbatim.sty
Package: verbatim 2003/08/22 v1.5q LaTeX2e package for verbatim enhancements
\every@verbatim=\toks24
\verbatim@line=\toks25
\verbatim@in@stream=\read2
)
(E:\CTEX\MiKTeX\tex\latex\graphics\color.sty
Package: color 2005/11/14 v1.0j Standard LaTeX Color (DPC)

(E:\CTEX\MiKTeX\tex\latex\00miktex\color.cfg
File: color.cfg 2007/01/18 v1.5 color configuration of teTeX/TeXLive
)
Package color Info: Driver file: xetex.def on input line 130.
)
(E:\CTEX\MiKTeX\tex\latex\appendix\appendix.sty
Package: appendix 2009/09/02 v1.2b extra appendix facilities
\c@@pps=\count103
\c@@ppsavesec=\count104
\c@@ppsaveapp=\count105
)
(E:\CTEX\MiKTeX\tex\latex\hyperref\hyperref.sty
Package: hyperref 2012/02/06 v6.82o Hypertext links for LaTeX

(E:\CTEX\MiKTeX\tex\generic\oberdiek\hobsub-hyperref.sty
Package: hobsub-hyperref 2011/04/23 v1.4 Bundle oberdiek, subset hyperref (HO)

(E:\CTEX\MiKTeX\tex\generic\oberdiek\hobsub-generic.sty
Package: hobsub-generic 2011/04/23 v1.4 Bundle oberdiek, subset generic (HO)
Package: hobsub 2011/04/23 v1.4 Subsetting bundle oberdiek (HO)
Package: infwarerr 2010/04/08 v1.3 Providing info/warning/message (HO)
Package: ltxcmds 2011/04/18 v1.20 LaTeX kernel commands for general use (HO)
Package: ifluatex 2010/03/01 v1.3 Provides the ifluatex switch (HO)
Package ifluatex Info: LuaTeX not detected.
Package: ifvtex 2010/03/01 v1.5 Switches for detecting VTeX and its modes (HO)
Package ifvtex Info: VTeX not detected.
Package: intcalc 2007/09/27 v1.1 Expandable integer calculations (HO)
Package: ifpdf 2011/01/30 v2.3 Provides the ifpdf switch (HO)
Package ifpdf Info: pdfTeX in PDF mode is not detected.
Package: etexcmds 2011/02/16 v1.5 Prefix for e-TeX command names (HO)
Package etexcmds Info: Could not find \expanded.
(etexcmds)             That can mean that you are not using pdfTeX 1.50 or
(etexcmds)             that some package has redefined \expanded.
(etexcmds)             In the latter case, load this package earlier.
Package: kvsetkeys 2011/04/07 v1.13 Key value parser (HO)
Package: kvdefinekeys 2011/04/07 v1.3 Defining keys (HO)
Package: pdftexcmds 2011/04/22 v0.16 Utilities of pdfTeX for LuaTeX (HO)
Package pdftexcmds Info: LuaTeX not detected.
Package pdftexcmds Info: pdfTeX >= 1.30 not detected.
Package pdftexcmds Info: \pdf@primitive is available.
Package pdftexcmds Info: \pdf@ifprimitive is available.
Package pdftexcmds Info: \pdfdraftmode not found.
Package: pdfescape 2011/04/04 v1.12 Provides string conversions (HO)
Package: bigintcalc 2011/01/30 v1.2 Expandable big integer calculations (HO)
Package: bitset 2011/01/30 v1.1 Data type bit set (HO)
Package: uniquecounter 2011/01/30 v1.2 Provides unlimited unique counter (HO)
)
Package hobsub Info: Skipping package `hobsub' (already loaded).
Package: letltxmacro 2010/09/02 v1.4 Let assignment for LaTeX macros (HO)
Package: hopatch 2011/01/30 v1.0 Wrapper for package hooks (HO)
Package: xcolor-patch 2011/01/30 xcolor patch
Package: atveryend 2011/04/23 v1.7 Hooks at very end of document (HO)
Package: atbegshi 2011/01/30 v1.15 At begin shipout hook (HO)
Package: refcount 2010/12/01 v3.2 Data extraction from references (HO)
Package: hycolor 2011/01/30 v1.7 Color options of hyperref/bookmark (HO)
)
(E:\CTEX\MiKTeX\tex\latex\oberdiek\kvoptions.sty
Package: kvoptions 2010/12/23 v3.10 Keyval support for LaTeX options (HO)
)
\@linkdim=\dimen126
\Hy@linkcounter=\count106
\Hy@pagecounter=\count107

(E:\CTEX\MiKTeX\tex\latex\hyperref\pd1enc.def
File: pd1enc.def 2012/02/06 v6.82o Hyperref: PDFDocEncoding definition (HO)
)
\Hy@SavedSpaceFactor=\count108

(E:\CTEX\MiKTeX\tex\latex\00miktex\hyperref.cfg
File: hyperref.cfg 2002/06/06 v1.2 hyperref configuration of TeXLive
)
Package hyperref Info: Option `bookmarksnumbered' set `true' on input line 3925
.
Package hyperref Info: Hyper figures OFF on input line 4046.
Package hyperref Info: Link nesting OFF on input line 4051.
Package hyperref Info: Hyper index ON on input line 4054.
Package hyperref Info: Plain pages OFF on input line 4061.
Package hyperref Info: Backreferencing OFF on input line 4066.
Package hyperref Info: Implicit mode ON; LaTeX internals redefined.
Package hyperref Info: Bookmarks ON on input line 4284.
\c@Hy@tempcnt=\count109

(E:\CTEX\MiKTeX\tex\xelatex\xetexurl\url.sty
\Urlmuskip=\muskip11
Package: url 2004/03/15  ver 3.1  Verb mode for urls, etc.
)
LaTeX Info: Redefining \url on input line 4637.
\Fld@menulength=\count110
\Field@Width=\dimen127
\Fld@charsize=\dimen128
Package hyperref Info: Hyper figures OFF on input line 5757.
Package hyperref Info: Link nesting OFF on input line 5762.
Package hyperref Info: Hyper index ON on input line 5765.
Package hyperref Info: backreferencing OFF on input line 5772.
Package hyperref Info: Link coloring OFF on input line 5777.
Package hyperref Info: Link coloring with OCG OFF on input line 5782.
Package hyperref Info: PDF/A mode OFF on input line 5787.
LaTeX Info: Redefining \ref on input line 5827.
LaTeX Info: Redefining \pageref on input line 5831.
\Hy@abspage=\count111
\c@Item=\count112
\c@Hfootnote=\count113
)

Package hyperref Message: Driver (autodetected): hxetex.

(E:\CTEX\MiKTeX\tex\latex\hyperref\hxetex.def
File: hxetex.def 2012/02/06 v6.82o Hyperref driver for XeTeX

(E:\CTEX\MiKTeX\tex\latex\hyperref\puenc.def
File: puenc.def 2012/02/06 v6.82o Hyperref: PDF Unicode definition (HO)
)
(E:\CTEX\MiKTeX\tex\generic\oberdiek\stringenc.sty
Package: stringenc 2010/03/01 v1.8 Converts strings between encodings (HO)
)
\pdfm@box=\box34
\c@Hy@AnnotLevel=\count114
\HyField@AnnotCount=\count115
\Fld@listcount=\count116
\c@bookmark@seq@number=\count117

(E:\CTEX\MiKTeX\tex\latex\oberdiek\rerunfilecheck.sty
Package: rerunfilecheck 2011/04/15 v1.7 Rerun checks for auxiliary files (HO)
Package rerunfilecheck Info: Feature \pdfmdfivesum is not available
(rerunfilecheck)             (e.g. pdfTeX or LuaTeX with package `pdftexcmds').

(rerunfilecheck)             Therefore file contents cannot be checked efficien
tly
(rerunfilecheck)             and the loading of the package is aborted.
)
\Hy@SectionHShift=\skip50
)
Package hyperref Info: Option `colorlinks' set `true' on input line 36.


Package hyperref Warning: Unexpected value `blue'
(hyperref)                of option `CJKbookmarks' instead of
(hyperref)                `true' or 'false' on input line 36.

(E:\MGA\Documents\gameThesis.sty
Package: gameThesis 2012/03/21
 (E:\CTEX\MiKTeX\tex\xelatex\xecjk\xeCJK.sty
Package: xeCJK 2012/01/31 2.4.5 package for typesetting CJK scripts with XeLaTe
X

(E:\CTEX\MiKTeX\tex\latex\xkeyval\xkeyval.sty
Package: xkeyval 2008/08/13 v2.6a package option processing (HA)

(E:\CTEX\MiKTeX\tex\generic\xkeyval\xkeyval.tex
\XKV@toks=\toks26
\XKV@tempa@toks=\toks27
\XKV@depth=\count118
File: xkeyval.tex 2008/08/13 v2.6a key=value parser (HA)
))
(E:\CTEX\MiKTeX\tex\latex\l3kernel\expl3.sty
(E:\CTEX\MiKTeX\tex\latex\l3kernel\l3names.sty
(E:\CTEX\MiKTeX\tex\latex\l3kernel\l3bootstrap.sty
Package: l3bootstrap 2011/12/29 v3110 L3 Experimental bootstrap code
)
Package: l3names 2011/12/30 v3113 L3 Experimental namespace for primitives
)
(E:\CTEX\MiKTeX\tex\latex\misc\etex.sty
Package: etex 1998/03/26 v2.0 eTeX basic definition package (PEB)
\et@xins=\count119
)
Package: expl3 2012/02/26 v3471 L3 Experimental code bundle wrapper

(E:\CTEX\MiKTeX\tex\latex\l3kernel\l3basics.sty
Package: l3basics 2012/02/26 v3460 L3 Experimental basic definitions
)
(E:\CTEX\MiKTeX\tex\latex\l3kernel\l3expan.sty
Package: l3expan 2012/02/26 v3460 L3 Experimental argument expansion
)
(E:\CTEX\MiKTeX\tex\latex\l3kernel\l3tl.sty
Package: l3tl 2012/02/26 v3460 L3 Experimental token lists
)
(E:\CTEX\MiKTeX\tex\latex\l3kernel\l3seq.sty
Package: l3seq 2012/01/09 v3158 L3 Experimental sequences and stacks
)
(E:\CTEX\MiKTeX\tex\latex\l3kernel\l3int.sty
Package: l3int 2012/02/26 v3460 L3 Experimental integers
\c_max_int=\count120
\l_tmpa_int=\count121
\l_tmpb_int=\count122
\l_tmpc_int=\count123
\g_tmpa_int=\count124
\g_tmpb_int=\count125
)
(E:\CTEX\MiKTeX\tex\latex\l3kernel\l3quark.sty
Package: l3quark 2012/02/12 v3384 L3 Experimental quarks
)
(E:\CTEX\MiKTeX\tex\latex\l3kernel\l3prg.sty
Package: l3prg 2012/02/26 v3464 L3 Experimental control structures
\g_prg_map_int=\count126
)
(E:\CTEX\MiKTeX\tex\latex\l3kernel\l3clist.sty
Package: l3clist 2012/02/26 v3460 L3 Experimental comma separated lists
)
(E:\CTEX\MiKTeX\tex\latex\l3kernel\l3token.sty
Package: l3token 2012/02/26 v3460 L3 Experimental token manipulation
)
(E:\CTEX\MiKTeX\tex\latex\l3kernel\l3prop.sty
Package: l3prop 2012/02/26 v3460 L3 Experimental property lists
)
(E:\CTEX\MiKTeX\tex\latex\l3kernel\l3msg.sty
Package: l3msg 2012/02/26 v3470 L3 Experimental messages
)
(E:\CTEX\MiKTeX\tex\latex\l3kernel\l3file.sty
Package: l3file 2012/02/26 v3464 L3 Experimental file and I/O operations
\l_iow_stream_int=\count127
\l_iow_line_length_int=\count128
\l_iow_target_length_int=\count129
\l_iow_current_line_int=\count130
\l_iow_current_word_int=\count131
\l_iow_current_indentation_int=\count132
)
(E:\CTEX\MiKTeX\tex\latex\l3kernel\l3skip.sty
Package: l3skip 2012/02/26 v3460 L3 Experimental dimensions and skips
\l_tmpa_dim=\dimen129
\l_tmpb_dim=\dimen130
\l_tmpc_dim=\dimen131
\g_tmpa_dim=\dimen132
\g_tmpb_dim=\dimen133
\l_tmpa_skip=\skip51
\l_tmpb_skip=\skip52
\l_tmpc_skip=\skip53
\g_tmpa_skip=\skip54
\g_tmpb_skip=\skip55
)
(E:\CTEX\MiKTeX\tex\latex\l3kernel\l3keys.sty
Package: l3keys 2011/12/22 v3086 L3 Experimental key-value interfaces
\g_keyval_level_int=\count133
\l_keys_choice_int=\count134
)
(E:\CTEX\MiKTeX\tex\latex\l3kernel\l3fp.sty
Package: l3fp 2012/02/06 v3315 L3 Experimental floating-point operations
\c_one_hundred_million=\count135
\c_five_hundred_million=\count136
\c_one_thousand_million=\count137
\c_fp_pi_by_four_decimal_int=\count138
\c_fp_pi_by_four_extended_int=\count139
\c_fp_pi_decimal_int=\count140
\c_fp_pi_extended_int=\count141
\c_fp_two_pi_decimal_int=\count142
\c_fp_two_pi_extended_int=\count143
\l_fp_count_int=\count144
\l_fp_div_offset_int=\count145
\l_fp_exp_integer_int=\count146
\l_fp_exp_decimal_int=\count147
\l_fp_exp_extended_int=\count148
\l_fp_exp_exponent_int=\count149
\l_fp_input_a_sign_int=\count150
\l_fp_input_a_integer_int=\count151
\l_fp_input_a_decimal_int=\count152
\l_fp_input_a_exponent_int=\count153
\l_fp_input_b_sign_int=\count154
\l_fp_input_b_integer_int=\count155
\l_fp_input_b_decimal_int=\count156
\l_fp_input_b_exponent_int=\count157
\l_fp_input_a_extended_int=\count158
\l_fp_input_b_extended_int=\count159
\l_fp_mul_a_i_int=\count160
\l_fp_mul_a_ii_int=\count161
\l_fp_mul_a_iii_int=\count162
\l_fp_mul_a_iv_int=\count163
\l_fp_mul_a_v_int=\count164
\l_fp_mul_a_vi_int=\count165
\l_fp_mul_b_i_int=\count166
\l_fp_mul_b_ii_int=\count167
\l_fp_mul_b_iii_int=\count168
\l_fp_mul_b_iv_int=\count169
\l_fp_mul_b_v_int=\count170
\l_fp_mul_b_vi_int=\count171
\l_fp_mul_output_int=\count172
\l_fp_output_sign_int=\count173
\l_fp_output_integer_int=\count174
\l_fp_output_decimal_int=\count175
\l_fp_output_exponent_int=\count176
\l_fp_output_extended_int=\count177
\l_fp_round_position_int=\count178
\l_fp_round_target_int=\count179
\l_fp_split_sign_int=\count180
\l_fp_internal_int=\count181
\l_fp_trig_octant_int=\count182
\l_fp_trig_sign_int=\count183
\l_fp_trig_decimal_int=\count184
\l_fp_trig_extended_int=\count185
\l_fp_internal_dim=\dimen134
\l_fp_internal_skip=\skip56
)
(E:\CTEX\MiKTeX\tex\latex\l3kernel\l3box.sty
Package: l3box 2012/02/18 v3432 L3 Experimental boxes
\l_tmpb_box=\box35
\l_box_top_dim=\dimen135
\l_box_bottom_dim=\dimen136
\l_box_left_dim=\dimen137
\l_box_right_dim=\dimen138
\l_box_top_new_dim=\dimen139
\l_box_bottom_new_dim=\dimen140
\l_box_left_new_dim=\dimen141
\l_box_right_new_dim=\dimen142
\l_box_internal_box=\box36
)
(E:\CTEX\MiKTeX\tex\latex\l3kernel\l3coffins.sty
Package: l3coffins 2012/02/26 v3460 L3 Experimental coffin code layer
\l_coffin_internal_box=\box37
\l_coffin_internal_dim=\dimen143
\l_coffin_offset_x_dim=\dimen144
\l_coffin_offset_y_dim=\dimen145
\l_coffin_x_dim=\dimen146
\l_coffin_y_dim=\dimen147
\l_coffin_x_prime_dim=\dimen148
\l_coffin_y_prime_dim=\dimen149
\l_coffin_Depth_dim=\dimen150
\l_coffin_Height_dim=\dimen151
\l_coffin_TotalHeight_dim=\dimen152
\l_coffin_Width_dim=\dimen153
\c_empty_coffin=\box38
\l_coffin_aligned_coffin=\box39
\l_coffin_aligned_internal_coffin=\box40
\l_coffin_bounding_shift_dim=\dimen154
\l_coffin_left_corner_dim=\dimen155
\l_coffin_right_corner_dim=\dimen156
\l_coffin_bottom_corner_dim=\dimen157
\l_coffin_top_corner_dim=\dimen158
\l_coffin_scaled_total_height_dim=\dimen159
\l_coffin_scaled_width_dim=\dimen160
\l_coffin_display_coffin=\box41
\l_coffin_display_coord_coffin=\box42
\l_coffin_display_pole_coffin=\box43
\l_coffin_display_offset_dim=\dimen161
\l_coffin_display_x_dim=\dimen162
\l_coffin_display_y_dim=\dimen163
)
(E:\CTEX\MiKTeX\tex\latex\l3kernel\l3color.sty
Package: l3color 2011/09/07 v2776 L3 Experimental colour support
)
(E:\CTEX\MiKTeX\tex\latex\l3kernel\l3luatex.sty
Package: l3luatex 2012/02/09 v3355 L3 Experimental LuaTeX-specific functions
\g_cctab_allocate_int=\count186
\g_cctab_stack_int=\count187
))
(E:\CTEX\MiKTeX\tex\latex\fontspec\fontspec.sty
Package: fontspec 2011/09/18 v2.2a Advanced font selection for XeLaTeX/LuaLaTeX


(E:\CTEX\MiKTeX\tex\latex\l3packages\xparse\xparse.sty
Package: xparse 2012/02/26 v3471 L3 Experimental document command parser
\l_xparse_current_arg_int=\count188
\l_xparse_m_args_int=\count189
\l_xparse_mandatory_args_int=\count190
\l_xparse_processor_int=\count191
\l_xparse_v_nesting_int=\count192
)
\l_fontspec_script_int=\count193
\l_fontspec_language_int=\count194
\l_fontspec_strnum_int=\count195
\l_fontspec_tmpa_dim=\dimen164
\l_fontspec_tmpb_dim=\dimen165
\l_fontspec_tmpc_dim=\dimen166
Variant \tl_gset:cV already defined; not changing it on line 66

(E:\CTEX\MiKTeX\tex\latex\fontspec\fontspec-patches.sty
Package: fontspec-patches 2011/09/18 v2.2a Advanced font selection for XeLaTeX/
LuaLaTeX

(E:\CTEX\MiKTeX\tex\latex\base\fixltx2e.sty
Package: fixltx2e 2006/09/13 v1.1m fixes to LaTeX
LaTeX Info: Redefining \em on input line 420.
LaTeX Info: The control sequence `\[' is already robust on input line 471.
LaTeX Info: The control sequence `\]' is already robust on input line 472.
)
LaTeX Info: Redefining \em on input line 22.
LaTeX Info: Redefining \emph on input line 29.
LaTeX Info: Redefining \- on input line 32.

*************************************************
* LaTeX warning: "xparse/redefine-command"
* 
* Redefining document command \oldstylenums with arg. spec. 'm' on line 107.
*************************************************
.................................................
. LaTeX info: "xparse/define-command"
. 
. Defining document command \liningnums with arg. spec. 'm' on line 111.
.................................................
) (E:\CTEX\MiKTeX\tex\latex\fontspec\fontspec-xetex.sty
Package: fontspec-xetex 2011/09/18 v2.2a Advanced font selection for XeLaTeX/Lu
aLaTeX

(E:\CTEX\MiKTeX\tex\latex\base\fontenc.sty
Package: fontenc 2005/09/27 v1.99g Standard LaTeX package

(E:\CTEX\MiKTeX\tex\latex\euenc\eu1enc.def
File: eu1enc.def 2010/05/27 v0.1h Experimental Unicode font encodings
)
LaTeX Font Info:    Try loading font information for EU1+lmr on input line 100.


(E:\CTEX\MiKTeX\tex\latex\euenc\eu1lmr.fd
File: eu1lmr.fd 2009/10/30 v1.6 Font defs for Latin Modern
)
Requested font "[lmroman10-regular]:mapping=tex-text" at 10.0pt
 -> E:/CTEX/MiKTeX/fonts/opentype/public/lm/lmroman10-regular.otf
)
(E:\CTEX\MiKTeX\tex\xelatex\xunicode\xunicode.sty
File: xunicode.sty 2011/09/09 v0.981 provides access to latin accents and many 
other characters in Unicode lower plane

(E:\CTEX\MiKTeX\tex\latex\tipa\t3enc.def
File: t3enc.def 2001/12/31 T3 encoding
Requested font "[lmromanslant10-regular]:mapping=tex-text" at 10.0pt
 -> E:/CTEX/MiKTeX/fonts/opentype/public/lm/lmromanslant10-regular.otf
Requested font "[lmroman10-italic]:mapping=tex-text" at 10.0pt
 -> E:/CTEX/MiKTeX/fonts/opentype/public/lm/lmroman10-italic.otf
Requested font "[lmroman10-bold]:mapping=tex-text" at 10.0pt
 -> E:/CTEX/MiKTeX/fonts/opentype/public/lm/lmroman10-bold.otf
LaTeX Font Info:    Try loading font information for EU1+lmss on input line 357
.

(E:\CTEX\MiKTeX\tex\latex\euenc\eu1lmss.fd
File: eu1lmss.fd 2009/10/30 v1.6 Font defs for Latin Modern
)
Requested font "[lmsans10-regular]:mapping=tex-text" at 10.0pt
 -> E:/CTEX/MiKTeX/fonts/opentype/public/lm/lmsans10-regular.otf
)
\tipaTiiicode=\count196
\tipasavetokens=\toks28
\tipachecktokens=\toks29
)
.................................................
. LaTeX info: "xparse/define-command"
. 
. Defining document command \fontspec with arg. spec. 'O{}m' on line 39.
.................................................
.................................................
. LaTeX info: "xparse/define-command"
. 
. Defining document command \setmainfont with arg. spec. 'O{}m' on line 43.
.................................................
.................................................
. LaTeX info: "xparse/define-command"
. 
. Defining document command \setsansfont with arg. spec. 'O{}m' on line 47.
.................................................
.................................................
. LaTeX info: "xparse/define-command"
. 
. Defining document command \setmonofont with arg. spec. 'O{}m' on line 51.
.................................................
.................................................
. LaTeX info: "xparse/define-command"
. 
. Defining document command \setmathrm with arg. spec. 'O{}m' on line 59.
.................................................
.................................................
. LaTeX info: "xparse/define-command"
. 
. Defining document command \setboldmathrm with arg. spec. 'O{}m' on line 62.
.................................................
.................................................
. LaTeX info: "xparse/define-command"
. 
. Defining document command \setmathsf with arg. spec. 'O{}m' on line 65.
.................................................
.................................................
. LaTeX info: "xparse/define-command"
. 
. Defining document command \setmathtt with arg. spec. 'O{}m' on line 68.
.................................................
.................................................
. LaTeX info: "xparse/define-command"
. 
. Defining document command \newfontfamily with arg. spec. 'mO{}m' on line 84.
.................................................
.................................................
. LaTeX info: "xparse/define-command"
. 
. Defining document command \newfontface with arg. spec. 'mO{}m' on line 87.
.................................................
.................................................
. LaTeX info: "xparse/define-command"
. 
. Defining document command \defaultfontfeatures with arg. spec. 'm' on line
. 91.
.................................................
.................................................
. LaTeX info: "xparse/define-command"
. 
. Defining document command \addfontfeatures with arg. spec. 'm' on line 107.
.................................................
.................................................
. LaTeX info: "xparse/define-command"
. 
. Defining document command \newfontfeature with arg. spec. 'mm' on line 118.
.................................................
.................................................
. LaTeX info: "xparse/define-command"
. 
. Defining document command \newAATfeature with arg. spec. 'mmmm' on line 125.
.................................................
.................................................
. LaTeX info: "xparse/define-command"
. 
. Defining document command \newICUfeature with arg. spec. 'mmm' on line 132.
.................................................
.................................................
. LaTeX info: "xparse/define-command"
. 
. Defining document command \aliasfontfeature with arg. spec. 'mm' on line
. 159.
.................................................
.................................................
. LaTeX info: "xparse/define-command"
. 
. Defining document command \aliasfontfeatureoption with arg. spec. 'mmm' on
. line 164.
.................................................
.................................................
. LaTeX info: "xparse/define-command"
. 
. Defining document command \newfontscript with arg. spec. 'mm' on line 169.
.................................................
.................................................
. LaTeX info: "xparse/define-command"
. 
. Defining document command \newfontlanguage with arg. spec. 'mm' on line 192.
.................................................
.................................................
. LaTeX info: "xparse/define-command"
. 
. Defining document command \DeclareFontsExtensions with arg. spec. 'm' on
. line 211.
.................................................
Variant \prop_gput:cnV already defined; not changing it on line 485
Variant \prop_gput:cnx already defined; not changing it on line 486
Variant \keys_set:nx already defined; not changing it on line 963
\c@fontspec_tmp_int=\count197
LaTeX Info: Redefining \itshape on input line 1881.
LaTeX Info: Redefining \slshape on input line 1885.
LaTeX Info: Redefining \scshape on input line 1889.
LaTeX Info: Redefining \upshape on input line 1893.

(E:\CTEX\MiKTeX\tex\latex\fontspec\fontspec.cfg)))
\xeCJK@cnta=\count198
\xeCJK@cntb=\count199
\xeCJK@cntc=\count200
\xeCJK@cntd=\count201
Normal \count register pool exhausted, switching to extended pool.
\xeCJK@cnte=\count277
\xeCJK@dima=\dimen167
LaTeX Info: Redefining \normalfont on input line 886.
LaTeX Info: Redefining \rmfamily on input line 895.
LaTeX Info: Redefining \sffamily on input line 899.
LaTeX Info: Redefining \ttfamily on input line 903.
\xeCJK@featureadded=\count278
\g_xecjk_exspace_dim=\dimen168

(E:\CTEX\MiKTeX\tex\latex\cjk\CJKnumb.sty
Package: CJKnumb 2008/12/29 4.8.2
\CJK@q=\count279
\CJK@r=\count280
))
(E:\CTEX\MiKTeX\tex\latex\psnfss\mathptmx.sty
Package: mathptmx 2005/04/12 PSNFSS-v9.2a Times w/ Math, improved (SPQR, WaS) 
LaTeX Font Info:    Redeclaring symbol font `operators' on input line 28.
LaTeX Font Info:    Overwriting symbol font `operators' in version `normal'
(Font)                  OT1/cmr/m/n --> OT1/ztmcm/m/n on input line 28.
LaTeX Font Info:    Overwriting symbol font `operators' in version `bold'
(Font)                  OT1/cmr/bx/n --> OT1/ztmcm/m/n on input line 28.
LaTeX Font Info:    Redeclaring symbol font `letters' on input line 29.
LaTeX Font Info:    Overwriting symbol font `letters' in version `normal'
(Font)                  OML/cmm/m/it --> OML/ztmcm/m/it on input line 29.
LaTeX Font Info:    Overwriting symbol font `letters' in version `bold'
(Font)                  OML/cmm/b/it --> OML/ztmcm/m/it on input line 29.
LaTeX Font Info:    Redeclaring symbol font `symbols' on input line 30.
LaTeX Font Info:    Overwriting symbol font `symbols' in version `normal'
(Font)                  OMS/cmsy/m/n --> OMS/ztmcm/m/n on input line 30.
LaTeX Font Info:    Overwriting symbol font `symbols' in version `bold'
(Font)                  OMS/cmsy/b/n --> OMS/ztmcm/m/n on input line 30.
LaTeX Font Info:    Redeclaring symbol font `largesymbols' on input line 31.
LaTeX Font Info:    Overwriting symbol font `largesymbols' in version `normal'
(Font)                  OMX/cmex/m/n --> OMX/ztmcm/m/n on input line 31.
LaTeX Font Info:    Overwriting symbol font `largesymbols' in version `bold'
(Font)                  OMX/cmex/m/n --> OMX/ztmcm/m/n on input line 31.
\symbold=\mathgroup9
\symitalic=\mathgroup10
LaTeX Font Info:    Redeclaring math alphabet \mathbf on input line 34.
LaTeX Font Info:    Redeclaring math alphabet \mathit on input line 35.
LaTeX Font Info:    Overwriting math alphabet `\mathit' in version `normal'
(Font)                  OT1/cmr/m/it --> OT1/ptm/m/it on input line 35.
LaTeX Font Info:    Overwriting math alphabet `\mathit' in version `bold'
(Font)                  OT1/cmr/bx/it --> OT1/ptm/m/it on input line 35.
LaTeX Info: Redefining \hbar on input line 50.
)
\NKTtemp@dim@a=\dimen169
\npnumwidth=\dimen170
\NKT@tempdim=\dimen171
\@tempcntc=\count281
\NKT@itemcnt=\count282
\tocchaptertitlewidth=\dimen172
\tocsectiontitlewidth=\dimen173
\tocsubsectiontitlewidth=\dimen174
 (E:\MGA\Documents\gameThesis.cfg) (E:\MGA\Documents\gameFonts.cfg
File: gameFonts.cfg 
Requested font "Times New Roman" at 10.0pt
 -> C:/Windows/Fonts/times.ttf
Requested font "Times New Roman/ICU" at 10.0pt
 -> C:/Windows/Fonts/times.ttf
\g_fontspec_family_Times New Roman_int=\count283
Requested font "Times New Roman/B/ICU" at 10.0pt
 -> C:/Windows/Fonts/timesbd.ttf
Requested font "Times New Roman/B/B/ICU" at 10.0pt
 -> C:/Windows/Fonts/timesbd.ttf
Requested font "Times New Roman/I/ICU" at 10.0pt
 -> C:/Windows/Fonts/timesi.ttf
Requested font "Times New Roman/I/I/ICU" at 10.0pt
 -> C:/Windows/Fonts/timesi.ttf
Requested font "Times New Roman/BI/ICU" at 10.0pt
 -> C:/Windows/Fonts/timesbi.ttf
Requested font "Times New Roman/BI/BI/ICU" at 10.0pt
 -> C:/Windows/Fonts/timesbi.ttf
.................................................
. fontspec info: "defining-font"
. 
. Font family 'TimesNewRoman(0)' created for font 'Times New Roman' with
. options [].
. 
. This font family consists of the following shapes:
. 
. * 'normal' with NFSS spec.:
. <->"Times New Roman/ICU:script=latn;language=DFLT;"
. 
. * 'small caps' with NFSS spec.:
. <->"Times New Roman/ICU:script=latn;language=DFLT;+smcp;"
. 
. * 'bold' with NFSS spec.:
. <->"Times New Roman/B/ICU:script=latn;language=DFLT;"
. 
. * 'bold small caps' with NFSS spec.:
. <->"Times New Roman/B/ICU:script=latn;language=DFLT;+smcp;"
. 
. * 'italic' with NFSS spec.:
. <->"Times New Roman/I/ICU:script=latn;language=DFLT;"
. 
. * 'italic small caps' with NFSS spec.:
. <->"Times New Roman/I/ICU:script=latn;language=DFLT;+smcp;"
. 
. * 'bold italic' with NFSS spec.:
. <->"Times New Roman/BI/ICU:script=latn;language=DFLT;"
. 
. * 'bold italic small caps' with NFSS spec.:
. <->"Times New Roman/BI/ICU:script=latn;language=DFLT;+smcp;"
.................................................
Requested font "Times New Roman/ICU:script=latn;language=DFLT;" at 10.0pt
 -> C:/Windows/Fonts/times.ttf
))
\c@Theorem=\count284

(E:\CTEX\MiKTeX\tex\latex\rotating\rotating.sty
Package: rotating 2009/03/28 v2.16a rotated objects in LaTeX

(E:\CTEX\MiKTeX\tex\latex\base\ifthen.sty
Package: ifthen 2001/05/26 v1.1c Standard LaTeX ifthen package (DPC)
)
\c@r@tfl@t=\count285
\rotFPtop=\skip57
\rotFPbot=\skip58
\rot@float@box=\box44
\rot@mess@toks=\toks30
)
LaTeX Font Info:    Redeclaring symbol font `symbols' on input line 58.
LaTeX Font Info:    Overwriting symbol font `symbols' in version `normal'
(Font)                  OMS/ztmcm/m/n --> OMS/cmsy/m/n on input line 58.
LaTeX Font Info:    Overwriting symbol font `symbols' in version `bold'
(Font)                  OMS/ztmcm/m/n --> OMS/cmsy/m/n on input line 58.
 (E:\MGA\Documents\main.aux
(E:\MGA\Documents\Artwork/Artwork.aux)
(E:\MGA\Documents\Charactor/Charactor.aux))
LaTeX Font Info:    Checking defaults for OML/cmm/m/it on input line 61.
LaTeX Font Info:    ... okay on input line 61.
LaTeX Font Info:    Checking defaults for T1/cmr/m/n on input line 61.
LaTeX Font Info:    ... okay on input line 61.
LaTeX Font Info:    Checking defaults for OT1/cmr/m/n on input line 61.
LaTeX Font Info:    ... okay on input line 61.
LaTeX Font Info:    Checking defaults for OMS/cmsy/m/n on input line 61.
LaTeX Font Info:    ... okay on input line 61.
LaTeX Font Info:    Checking defaults for OMX/cmex/m/n on input line 61.
LaTeX Font Info:    ... okay on input line 61.
LaTeX Font Info:    Checking defaults for U/cmr/m/n on input line 61.
LaTeX Font Info:    ... okay on input line 61.
LaTeX Font Info:    Checking defaults for PD1/pdf/m/n on input line 61.
LaTeX Font Info:    ... okay on input line 61.
LaTeX Font Info:    Checking defaults for PU/pdf/m/n on input line 61.
LaTeX Font Info:    ... okay on input line 61.
LaTeX Font Info:    Checking defaults for EU1/lmr/m/n on input line 61.
LaTeX Font Info:    ... okay on input line 61.
LaTeX Font Info:    Checking defaults for T3/cmr/m/n on input line 61.
LaTeX Font Info:    Try loading font information for T3+cmr on input line 61.

(E:\CTEX\MiKTeX\tex\latex\tipa\t3cmr.fd
File: t3cmr.fd 2001/12/31 TIPA font definitions
)
LaTeX Font Info:    ... okay on input line 61.
Requested font "Times New Roman/ICU:script=latn;language=DFLT;" at 12.0pt
 -> C:/Windows/Fonts/times.ttf
\AtBeginShipoutBox=\box45
Package hyperref Info: Link coloring ON on input line 61.

(E:\CTEX\MiKTeX\tex\latex\hyperref\nameref.sty
Package: nameref 2010/04/30 v2.40 Cross-referencing by name of section

(E:\CTEX\MiKTeX\tex\generic\oberdiek\gettitlestring.sty
Package: gettitlestring 2010/12/03 v1.4 Cleanup title references (HO)
)
\c@section@level=\count286
)
LaTeX Info: Redefining \ref on input line 61.
LaTeX Info: Redefining \pageref on input line 61.
LaTeX Info: Redefining \nameref on input line 61.

(E:\MGA\Documents\main.out) (E:\MGA\Documents\main.out)
\@outlinefile=\write3
LaTeX Font Info:    Try loading font information for OT1+ztmcm on input line 66
.

(E:\CTEX\MiKTeX\tex\latex\psnfss\ot1ztmcm.fd
File: ot1ztmcm.fd 2000/01/03 Fontinst v1.801 font definitions for OT1/ztmcm.
)
Requested font "zptmcm7t" at 12.0pt
 -> zptmcm7t
Requested font "zptmcm7t" at 9.0pt
 -> zptmcm7t
Requested font "zptmcm7t" at 7.0pt
 -> zptmcm7t
LaTeX Font Info:    Try loading font information for OML+ztmcm on input line 66
.

(E:\CTEX\MiKTeX\tex\latex\psnfss\omlztmcm.fd
File: omlztmcm.fd 2000/01/03 Fontinst v1.801 font definitions for OML/ztmcm.
)
Requested font "zptmcm7m" at 12.0pt
 -> zptmcm7m
Requested font "zptmcm7m" at 9.0pt
 -> zptmcm7m
Requested font "zptmcm7m" at 7.0pt
 -> zptmcm7m
Requested font "cmsy10" at 12.0pt
 -> cmsy10
Requested font "cmsy9" at 9.0pt
 -> cmsy9
LaTeX Font Info:    Try loading font information for OMX+ztmcm on input line 66
.

(E:\CTEX\MiKTeX\tex\latex\psnfss\omxztmcm.fd
File: omxztmcm.fd 2000/01/03 Fontinst v1.801 font definitions for OMX/ztmcm.
)
Requested font "zptmcm7v" at 12.0pt
 -> zptmcm7v
Requested font "zptmcm7v" at 9.0pt
 -> zptmcm7v
Requested font "zptmcm7v" at 7.0pt
 -> zptmcm7v
Requested font "msam10" at 12.0pt
 -> msam10
Requested font "msam10" at 9.0pt
 -> msam10
Requested font "msam10" at 7.0pt
 -> msam10
Requested font "msbm10" at 12.0pt
 -> msbm10
Requested font "msbm10" at 9.0pt
 -> msbm10
Requested font "msbm10" at 7.0pt
 -> msbm10
Requested font "cmbx12" at 12.0pt
 -> cmbx12
Requested font "cmbx9" at 9.0pt
 -> cmbx9
Requested font "cmbx7" at 7.0pt
 -> cmbx7
Requested font "cmmib10" at 12.0pt
 -> cmmib10
Requested font "cmmib9" at 9.0pt
 -> cmmib9
Requested font "cmmib7" at 7.0pt
 -> cmmib7
Requested font "cmbsy10" at 12.0pt
 -> cmbsy10
Requested font "cmbsy9" at 9.0pt
 -> cmbsy9
Requested font "cmbsy7" at 7.0pt
 -> cmbsy7
LaTeX Font Info:    Try loading font information for OT1+ptm on input line 66.

(E:\CTEX\MiKTeX\tex\latex\psnfss\ot1ptm.fd
File: ot1ptm.fd 2001/06/04 font definitions for OT1/ptm.
)
LaTeX Font Info:    Font shape `OT1/ptm/bx/n' in size <12> not available
(Font)              Font shape `OT1/ptm/b/n' tried instead on input line 66.
Requested font "ptmb7t" at 12.0pt
 -> ptmb7t
LaTeX Font Info:    Font shape `OT1/ptm/bx/n' in size <9> not available
(Font)              Font shape `OT1/ptm/b/n' tried instead on input line 66.
Requested font "ptmb7t" at 9.0pt
 -> ptmb7t
LaTeX Font Info:    Font shape `OT1/ptm/bx/n' in size <7> not available
(Font)              Font shape `OT1/ptm/b/n' tried instead on input line 66.
Requested font "ptmb7t" at 7.0pt
 -> ptmb7t
Requested font "ptmri7t" at 12.0pt
 -> ptmri7t
Requested font "ptmri7t" at 9.0pt
 -> ptmri7t
Requested font "ptmri7t" at 7.0pt
 -> ptmri7t
Requested font "Times New Roman/B/ICU:script=latn;language=DFLT;" at 12.0pt
 -> C:/Windows/Fonts/timesbd.ttf
Requested font "Times New Roman/B/ICU:script=latn;language=DFLT;" at 36.0pt
 -> C:/Windows/Fonts/timesbd.ttf
Requested font "Times New Roman/ICU:script=latn;language=DFLT;" at 36.0pt
 -> C:/Windows/Fonts/times.ttf
Requested font "Times New Roman/ICU:script=latn;language=DFLT;" at 18.0pt
 -> C:/Windows/Fonts/times.ttf
Requested font "SimSun" at 18.0pt
 -> E:/CTEX/CTeX/fonts/truetype/chinese/simsun.ttf
Requested font "SimSun/ICU" at 18.0pt
 -> E:/CTEX/CTeX/fonts/truetype/chinese/simsun.ttf
\g_fontspec_family_SimSun_int=\count287
Requested font "SimHei/ICU" at 18.0pt
 -> C:/Windows/Fonts/simhei.ttf
Requested font "[simkai.ttf]/ICU" at 18.0pt
 -> C:/Windows/Fonts/simkai.ttf
Requested font "SimHei/I/ICU" at 18.0pt
 -> C:/Windows/Fonts/simhei.ttf
.................................................
. fontspec info: "no-font-shape"
. 
. Could not resolve font SimHei/I (it probably doesn't exist).
.................................................
.................................................
. fontspec info: "defining-font"
. 
. Font family 'SimSun(0)' created for font 'SimSun' with options
. [BoldFont={SimHei},ItalicFont={[simkai.ttf]}].
. 
. This font family consists of the following shapes:
. 
. * 'normal' with NFSS spec.:
. <->"SimSun/ICU:script=latn;language=DFLT;"
. 
. * 'bold' with NFSS spec.:
. <->"SimHei/ICU:script=latn;language=DFLT;"
. 
. * 'italic' with NFSS spec.:
. <->"[simkai.ttf]/ICU:script=latn;language=DFLT;"
.................................................
Requested font "SimSun/ICU:script=latn;language=DFLT;" at 18.0pt
 -> E:/CTEX/CTeX/fonts/truetype/chinese/simsun.ttf
Requested font "Times New Roman/ICU:script=latn;language=DFLT;" at 16.0pt
 -> C:/Windows/Fonts/times.ttf
LaTeX Font Info:    Calculating math sizes for size <16> on input line 66.
Requested font "zptmcm7t" at 16.0pt
 -> zptmcm7t
Requested font "zptmcm7t" at 11.84009pt
 -> zptmcm7t
Requested font "zptmcm7t" at 9.6001pt
 -> zptmcm7t
Requested font "zptmcm7m" at 16.0pt
 -> zptmcm7m
Requested font "zptmcm7m" at 11.84009pt
 -> zptmcm7m
Requested font "zptmcm7m" at 9.6001pt
 -> zptmcm7m


LaTeX Font Warning: Font shape `OMS/cmsy/m/n' in size <16> not available
(Font)              size <17.28> substituted on input line 66.

Requested font "cmsy10" at 17.28pt
 -> cmsy10
Requested font "zptmcm7v" at 16.0pt
 -> zptmcm7v
Requested font "zptmcm7v" at 11.84009pt
 -> zptmcm7v
Requested font "zptmcm7v" at 9.6001pt
 -> zptmcm7v
Requested font "msam10" at 16.0pt
 -> msam10
Requested font "msam10" at 11.84009pt
 -> msam10
Requested font "msam10" at 9.6001pt
 -> msam10
Requested font "msbm10" at 16.0pt
 -> msbm10
Requested font "msbm10" at 11.84009pt
 -> msbm10
Requested font "msbm10" at 9.6001pt
 -> msbm10

LaTeX Font Warning: Font shape `OT1/cmr/bx/n' in size <16> not available
(Font)              size <17.28> substituted on input line 66.

Requested font "cmbx12" at 17.28pt
 -> cmbx12
Requested font "cmbx10" at 10.0pt
 -> cmbx10

LaTeX Font Warning: Font shape `OML/cmm/b/it' in size <16> not available
(Font)              size <17.28> substituted on input line 66.

Requested font "cmmib10" at 17.28pt
 -> cmmib10
Requested font "cmmib10" at 10.0pt
 -> cmmib10

LaTeX Font Warning: Font shape `OMS/cmsy/b/n' in size <16> not available
(Font)              size <17.28> substituted on input line 66.

Requested font "cmbsy10" at 17.28pt
 -> cmbsy10
Requested font "cmbsy10" at 10.0pt
 -> cmbsy10
LaTeX Font Info:    Font shape `OT1/ptm/bx/n' in size <16> not available
(Font)              Font shape `OT1/ptm/b/n' tried instead on input line 66.
Requested font "ptmb7t" at 16.0pt
 -> ptmb7t
LaTeX Font Info:    Font shape `OT1/ptm/bx/n' in size <11.84009> not available
(Font)              Font shape `OT1/ptm/b/n' tried instead on input line 66.
Requested font "ptmb7t" at 11.84009pt
 -> ptmb7t
LaTeX Font Info:    Font shape `OT1/ptm/bx/n' in size <9.6001> not available
(Font)              Font shape `OT1/ptm/b/n' tried instead on input line 66.
Requested font "ptmb7t" at 9.6001pt
 -> ptmb7t
Requested font "ptmri7t" at 16.0pt
 -> ptmri7t
Requested font "ptmri7t" at 11.84009pt
 -> ptmri7t
Requested font "ptmri7t" at 9.6001pt
 -> ptmri7t
Requested font "SimSun" at 16.0pt
 -> E:/CTEX/CTeX/fonts/truetype/chinese/simsun.ttf
Requested font "SimSun/ICU" at 16.0pt
 -> E:/CTEX/CTeX/fonts/truetype/chinese/simsun.ttf
.................................................
. fontspec info: "defining-font"
. 
. Font family 'SimSun(0)' created for font 'SimSun' with options
. [BoldFont={SimHei},ItalicFont={[simkai.ttf]}].
. 
. This font family consists of the following shapes:
.................................................
Requested font "SimSun/ICU:script=latn;language=DFLT;" at 16.0pt
 -> E:/CTEX/CTeX/fonts/truetype/chinese/simsun.ttf
(E:\CTEX\MiKTeX\tex\generic\oberdiek\se-ascii-print.def
File: se-ascii-print.def 2010/03/01 v1.8 stringenc: Printable ASCII characters
) [1


] [2]
Requested font "Times New Roman/B/ICU:script=latn;language=DFLT;" at 16.0pt
 -> C:/Windows/Fonts/timesbd.ttf
.................................................
. fontspec info: "defining-font"
. 
. Font family 'SimSun(0)' created for font 'SimSun' with options
. [BoldFont={SimHei},ItalicFont={[simkai.ttf]}].
. 
. This font family consists of the following shapes:
.................................................
Requested font "SimHei/ICU:script=latn;language=DFLT;" at 16.0pt
 -> C:/Windows/Fonts/simhei.ttf

(E:\MGA\Documents\main.toc
Requested font "Times New Roman/ICU:script=latn;language=DFLT;" at 14.0pt
 -> C:/Windows/Fonts/times.ttf
Requested font "SimSun" at 14.0pt
 -> E:/CTEX/CTeX/fonts/truetype/chinese/simsun.ttf
Requested font "SimSun/ICU" at 14.0pt
 -> E:/CTEX/CTeX/fonts/truetype/chinese/simsun.ttf
.................................................
. fontspec info: "defining-font"
. 
. Font family 'SimSun(0)' created for font 'SimSun' with options
. [BoldFont={SimHei},ItalicFont={[simkai.ttf]}].
. 
. This font family consists of the following shapes:
.................................................
Requested font "SimSun/ICU:script=latn;language=DFLT;" at 14.0pt
 -> E:/CTEX/CTeX/fonts/truetype/chinese/simsun.ttf
LaTeX Font Info:    Calculating math sizes for size <14> on input line 1.
Requested font "zptmcm7t" at 14.0pt
 -> zptmcm7t
Requested font "zptmcm7t" at 10.36008pt
 -> zptmcm7t
Requested font "zptmcm7t" at 8.40009pt
 -> zptmcm7t
Requested font "zptmcm7m" at 14.0pt
 -> zptmcm7m
Requested font "zptmcm7m" at 10.36008pt
 -> zptmcm7m
Requested font "zptmcm7m" at 8.40009pt
 -> zptmcm7m
Requested font "cmsy10" at 14.4pt
 -> cmsy10


LaTeX Font Warning: Font shape `OMS/cmsy/m/n' in size <8.40009> not available
(Font)              size <8> substituted on input line 1.

Requested font "cmsy8" at 8.0pt
 -> cmsy8
Requested font "zptmcm7v" at 14.0pt
 -> zptmcm7v
Requested font "zptmcm7v" at 10.36008pt
 -> zptmcm7v
Requested font "zptmcm7v" at 8.40009pt
 -> zptmcm7v
Requested font "msam10" at 14.0pt
 -> msam10
Requested font "msam10" at 10.36008pt
 -> msam10
Requested font "msam10" at 8.40009pt
 -> msam10
Requested font "msbm10" at 14.0pt
 -> msbm10
Requested font "msbm10" at 10.36008pt
 -> msbm10
Requested font "msbm10" at 8.40009pt
 -> msbm10
Requested font "cmbx12" at 14.4pt
 -> cmbx12

LaTeX Font Warning: Font shape `OT1/cmr/bx/n' in size <8.40009> not available
(Font)              size <8> substituted on input line 1.

Requested font "cmbx8" at 8.0pt
 -> cmbx8
Requested font "cmmib10" at 14.4pt
 -> cmmib10

LaTeX Font Warning: Font shape `OML/cmm/b/it' in size <8.40009> not available
(Font)              size <8> substituted on input line 1.

Requested font "cmmib8" at 8.0pt
 -> cmmib8
Requested font "cmbsy10" at 14.4pt
 -> cmbsy10

LaTeX Font Warning: Font shape `OMS/cmsy/b/n' in size <8.40009> not available
(Font)              size <8> substituted on input line 1.

Requested font "cmbsy8" at 8.0pt
 -> cmbsy8
LaTeX Font Info:    Font shape `OT1/ptm/bx/n' in size <14> not available
(Font)              Font shape `OT1/ptm/b/n' tried instead on input line 1.
Requested font "ptmb7t" at 14.0pt
 -> ptmb7t
LaTeX Font Info:    Font shape `OT1/ptm/bx/n' in size <10.36008> not available
(Font)              Font shape `OT1/ptm/b/n' tried instead on input line 1.
Requested font "ptmb7t" at 10.36008pt
 -> ptmb7t
LaTeX Font Info:    Font shape `OT1/ptm/bx/n' in size <8.40009> not available
(Font)              Font shape `OT1/ptm/b/n' tried instead on input line 1.
Requested font "ptmb7t" at 8.40009pt
 -> ptmb7t
Requested font "ptmri7t" at 14.0pt
 -> ptmri7t
Requested font "ptmri7t" at 10.36008pt
 -> ptmri7t
Requested font "ptmri7t" at 8.40009pt
 -> ptmri7t
Requested font "SimSun" at 12.0pt
 -> E:/CTEX/CTeX/fonts/truetype/chinese/simsun.ttf
Requested font "SimSun/ICU" at 12.0pt
 -> E:/CTEX/CTeX/fonts/truetype/chinese/simsun.ttf
.................................................
. fontspec info: "defining-font"
. 
. Font family 'SimSun(0)' created for font 'SimSun' with options
. [BoldFont={SimHei},ItalicFont={[simkai.ttf]}].
. 
. This font family consists of the following shapes:
.................................................
Requested font "SimSun/ICU:script=latn;language=DFLT;" at 12.0pt
 -> E:/CTEX/CTeX/fonts/truetype/chinese/simsun.ttf
Requested font "Times New Roman/ICU:script=latn;language=DFLT;" at 10.5pt
 -> C:/Windows/Fonts/times.ttf
Requested font "SimSun" at 10.5pt
 -> E:/CTEX/CTeX/fonts/truetype/chinese/simsun.ttf
Requested font "SimSun/ICU" at 10.5pt
 -> E:/CTEX/CTeX/fonts/truetype/chinese/simsun.ttf
.................................................
. fontspec info: "defining-font"
. 
. Font family 'SimSun(0)' created for font 'SimSun' with options
. [BoldFont={SimHei},ItalicFont={[simkai.ttf]}].
. 
. This font family consists of the following shapes:
.................................................
Requested font "SimSun/ICU:script=latn;language=DFLT;" at 10.5pt
 -> E:/CTEX/CTeX/fonts/truetype/chinese/simsun.ttf
LaTeX Font Info:    Calculating math sizes for size <10.5> on input line 3.
Requested font "zptmcm7t" at 10.5pt
 -> zptmcm7t
Requested font "zptmcm7t" at 7.77005pt
 -> zptmcm7t
Requested font "zptmcm7t" at 6.30006pt
 -> zptmcm7t
Requested font "zptmcm7m" at 10.5pt
 -> zptmcm7m
Requested font "zptmcm7m" at 7.77005pt
 -> zptmcm7m
Requested font "zptmcm7m" at 6.30006pt
 -> zptmcm7m

LaTeX Font Warning: Font shape `OMS/cmsy/m/n' in size <10.5> not available
(Font)              size <10.95> substituted on input line 3.

Requested font "cmsy10" at 10.95pt
 -> cmsy10
Requested font "cmsy6" at 6.0pt
 -> cmsy6
Requested font "zptmcm7v" at 10.5pt
 -> zptmcm7v
Requested font "zptmcm7v" at 7.77005pt
 -> zptmcm7v
Requested font "zptmcm7v" at 6.30006pt
 -> zptmcm7v
Requested font "msam10" at 10.5pt
 -> msam10
Requested font "msam10" at 7.77005pt
 -> msam10
Requested font "msam10" at 6.30006pt
 -> msam10
Requested font "msbm10" at 10.5pt
 -> msbm10
Requested font "msbm10" at 7.77005pt
 -> msbm10
Requested font "msbm10" at 6.30006pt
 -> msbm10

LaTeX Font Warning: Font shape `OT1/cmr/bx/n' in size <10.5> not available
(Font)              size <10.95> substituted on input line 3.

Requested font "cmbx10" at 10.95pt
 -> cmbx10
Requested font "cmbx6" at 6.0pt
 -> cmbx6

LaTeX Font Warning: Font shape `OML/cmm/b/it' in size <10.5> not available
(Font)              size <10.95> substituted on input line 3.

Requested font "cmmib10" at 10.95pt
 -> cmmib10
Requested font "cmmib6" at 6.0pt
 -> cmmib6

LaTeX Font Warning: Font shape `OMS/cmsy/b/n' in size <10.5> not available
(Font)              size <10.95> substituted on input line 3.

Requested font "cmbsy10" at 10.95pt
 -> cmbsy10
Requested font "cmbsy6" at 6.0pt
 -> cmbsy6
LaTeX Font Info:    Font shape `OT1/ptm/bx/n' in size <10.5> not available
(Font)              Font shape `OT1/ptm/b/n' tried instead on input line 3.
Requested font "ptmb7t" at 10.5pt
 -> ptmb7t
LaTeX Font Info:    Font shape `OT1/ptm/bx/n' in size <7.77005> not available
(Font)              Font shape `OT1/ptm/b/n' tried instead on input line 3.
Requested font "ptmb7t" at 7.77005pt
 -> ptmb7t
LaTeX Font Info:    Font shape `OT1/ptm/bx/n' in size <6.30006> not available
(Font)              Font shape `OT1/ptm/b/n' tried instead on input line 3.
Requested font "ptmb7t" at 6.30006pt
 -> ptmb7t
Requested font "ptmri7t" at 10.5pt
 -> ptmri7t
Requested font "ptmri7t" at 7.77005pt
 -> ptmri7t
Requested font "ptmri7t" at 6.30006pt
 -> ptmri7t
)
\tf@toc=\write4
Requested font "Times New Roman/ICU:script=latn;language=DFLT;" at 10.95pt
 -> C:/Windows/Fonts/times.ttf
 [1



] (E:\MGA\Documents\Artwork/Artwork.tex
\CJKnumber {1} 1
Requested font "Times New Roman/B/ICU:script=latn;language=DFLT;" at 14.0pt
 -> C:/Windows/Fonts/timesbd.ttf
.................................................
. fontspec info: "defining-font"
. 
. Font family 'SimSun(0)' created for font 'SimSun' with options
. [BoldFont={SimHei},ItalicFont={[simkai.ttf]}].
. 
. This font family consists of the following shapes:
.................................................
Requested font "SimHei/ICU:script=latn;language=DFLT;" at 14.0pt
 -> C:/Windows/Fonts/simhei.ttf
Requested font "Times New Roman/B/ICU:script=latn;language=DFLT;" at 13.0pt
 -> C:/Windows/Fonts/timesbd.ttf
Requested font "SimSun" at 13.0pt
 -> E:/CTEX/CTeX/fonts/truetype/chinese/simsun.ttf
Requested font "SimSun/ICU" at 13.0pt
 -> E:/CTEX/CTeX/fonts/truetype/chinese/simsun.ttf
.................................................
. fontspec info: "defining-font"
. 
. Font family 'SimSun(0)' created for font 'SimSun' with options
. [BoldFont={SimHei},ItalicFont={[simkai.ttf]}].
. 
. This font family consists of the following shapes:
.................................................
Requested font "SimHei/ICU:script=latn;language=DFLT;" at 13.0pt
 -> C:/Windows/Fonts/simhei.ttf
) [1




] (E:\MGA\Documents\Charactor/Charactor.tex
\CJKnumber {2} 2
) [2



]
Package atveryend Info: Empty hook `BeforeClearDocument' on input line 125.
Package atveryend Info: Empty hook `AfterLastShipout' on input line 125.
 (E:\MGA\Documents\main.aux (E:\MGA\Documents\Artwork/Artwork.aux)
(E:\MGA\Documents\Charactor/Charactor.aux))
Package atveryend Info: Empty hook `AtVeryEndDocument' on input line 125.
Package atveryend Info: Empty hook `AtEndAfterFileList' on input line 125.


LaTeX Font Warning: Size substitutions with differences
(Font)              up to 1.28pt have occurred.

 ) 
Here is how much of TeX's memory you used:
 20765 strings out of 430478
 391366 string characters out of 3191502
 426280 words of memory out of 3000000
 23603 multiletter control sequences out of 15000+200000
 47528 words of font info for 178 fonts, out of 3000000 for 9000
 14 hyphenation exceptions out of 8191
 50i,7n,47p,625b,378s stack positions out of 5000i,500n,10000p,200000b,50000s

Output written on main.pdf (5 pages).
